0 info it worked if it ends with ok
1 verbose cli [ '/home/opentani/.nvm/versions/node/v6.9.2/bin/node',
1 verbose cli   '/home/opentani/.nvm/versions/node/v6.9.2/bin/npm',
1 verbose cli   'start' ]
2 info using npm@3.10.9
3 info using node@v6.9.2
4 verbose run-script [ 'prestart', 'start', 'poststart' ]
5 info lifecycle opentani-node@0.0.1~prestart: opentani-node@0.0.1
6 verbose lifecycle opentani-node@0.0.1~prestart: unsafe-perm in lifecycle true
7 verbose lifecycle opentani-node@0.0.1~prestart: PATH: /home/opentani/.nvm/versions/node/v6.9.2/lib/node_modules/npm/bin/node-gyp-bin:/home/opentani/dev/api/opentani-node/node_modules/.bin:/home/opentani/.nvm/versions/node/v6.9.2/bin:/usr/local/sbin:/usr/local/bin:/usr/sbin:/usr/bin:/sbin:/bin:/usr/games:/usr/local/games
8 verbose lifecycle opentani-node@0.0.1~prestart: CWD: /home/opentani/dev/api/opentani-node
9 silly lifecycle opentani-node@0.0.1~prestart: Args: [ '-c', 'npm run -s build' ]
10 silly lifecycle opentani-node@0.0.1~prestart: Returned: code: 0  signal: null
11 info lifecycle opentani-node@0.0.1~start: opentani-node@0.0.1
12 verbose lifecycle opentani-node@0.0.1~start: unsafe-perm in lifecycle true
13 verbose lifecycle opentani-node@0.0.1~start: PATH: /home/opentani/.nvm/versions/node/v6.9.2/lib/node_modules/npm/bin/node-gyp-bin:/home/opentani/dev/api/opentani-node/node_modules/.bin:/home/opentani/.nvm/versions/node/v6.9.2/bin:/usr/local/sbin:/usr/local/bin:/usr/sbin:/usr/bin:/sbin:/bin:/usr/games:/usr/local/games
14 verbose lifecycle opentani-node@0.0.1~start: CWD: /home/opentani/dev/api/opentani-node
15 silly lifecycle opentani-node@0.0.1~start: Args: [ '-c', 'node dist' ]
16 silly lifecycle opentani-node@0.0.1~start: Returned: code: 1  signal: null
17 info lifecycle opentani-node@0.0.1~start: Failed to exec start script
18 verbose stack Error: opentani-node@0.0.1 start: `node dist`
18 verbose stack Exit status 1
18 verbose stack     at EventEmitter.<anonymous> (/home/opentani/.nvm/versions/node/v6.9.2/lib/node_modules/npm/lib/utils/lifecycle.js:255:16)
18 verbose stack     at emitTwo (events.js:106:13)
18 verbose stack     at EventEmitter.emit (events.js:191:7)
18 verbose stack     at ChildProcess.<anonymous> (/home/opentani/.nvm/versions/node/v6.9.2/lib/node_modules/npm/lib/utils/spawn.js:40:14)
18 verbose stack     at emitTwo (events.js:106:13)
18 verbose stack     at ChildProcess.emit (events.js:191:7)
18 verbose stack     at maybeClose (internal/child_process.js:877:16)
18 verbose stack     at Process.ChildProcess._handle.onexit (internal/child_process.js:226:5)
19 verbose pkgid opentani-node@0.0.1
20 verbose cwd /home/opentani/dev/api/opentani-node
21 error Linux 4.4.6-1-pve
22 error argv "/home/opentani/.nvm/versions/node/v6.9.2/bin/node" "/home/opentani/.nvm/versions/node/v6.9.2/bin/npm" "start"
23 error node v6.9.2
24 error npm  v3.10.9
25 error code ELIFECYCLE
26 error opentani-node@0.0.1 start: `node dist`
26 error Exit status 1
27 error Failed at the opentani-node@0.0.1 start script 'node dist'.
27 error Make sure you have the latest version of node.js and npm installed.
27 error If you do, this is most likely a problem with the opentani-node package,
27 error not with npm itself.
27 error Tell the author that this fails on your system:
27 error     node dist
27 error You can get information on how to open an issue for this project with:
27 error     npm bugs opentani-node
27 error Or if that isn't available, you can get their info via:
27 error     npm owner ls opentani-node
27 error There is likely additional logging output above.
28 verbose exit [ 1, true ]
